# JRE version: Java(TM) SE Runtime Environment (15.0.1+9) (build 15.0.1+9-18)
# Java VM: Java HotSpot(TM) 64-Bit Server VM (15.0.1+9-18, mixed mode, sharing, tiered, compressed oops, g1 gc, windows-amd64)
GC Precious Log:
 CPUs: 12 total, 12 available
 Memory: 16333M
 Large Page Support: Disabled
 NUMA Support: Disabled
 Compressed Oops: Enabled (Zero based)
 Heap Region Size: 2M
 Heap Min Capacity: 8M
 Heap Initial Capacity: 256M
 Heap Max Capacity: 4084M
 Pre-touch: Disabled
 Parallel Workers: 10
 Concurrent Workers: 3
 Concurrent Refinement Workers: 10
 Periodic GC: Disabled
Heap:
 garbage-first heap   total 669696K, used 271620K [0x0000000700c00000, 0x0000000800000000)
  region size 2048K, 18 young (36864K), 1 survivors (2048K)
 Metaspace       used 9387K, capacity 9612K, committed 9728K, reserved 1058816K
  class space    used 903K, capacity 961K, committed 1024K, reserved 1048576K
GC Heap History (10 events):
Event: 0.771 GC heap before
{Heap before GC invocations=0 (full 0):
 garbage-first heap   total 262144K, used 38912K [0x0000000700c00000, 0x0000000800000000)
  region size 2048K, 11 young (22528K), 0 survivors (0K)
 Metaspace       used 7926K, capacity 8093K, committed 8320K, reserved 1056768K
  class space    used 799K, capacity 860K, committed 896K, reserved 1048576K
}
Event: 0.774 GC heap after
{Heap after GC invocations=1 (full 0):
 garbage-first heap   total 262144K, used 19790K [0x0000000700c00000, 0x0000000800000000)
  region size 2048K, 2 young (4096K), 2 survivors (4096K)
 Metaspace       used 7926K, capacity 8093K, committed 8320K, reserved 1056768K
  class space    used 799K, capacity 860K, committed 896K, reserved 1048576K
}
Event: 1.396 GC heap before
{Heap before GC invocations=1 (full 0):
 garbage-first heap   total 262144K, used 36174K [0x0000000700c00000, 0x0000000800000000)
  region size 2048K, 10 young (20480K), 2 survivors (4096K)
 Metaspace       used 8582K, capacity 8777K, committed 8832K, reserved 1056768K
  class space    used 847K, capacity 896K, committed 896K, reserved 1048576K
}
Event: 1.400 GC heap after
{Heap after GC invocations=2 (full 0):
 garbage-first heap   total 262144K, used 20586K [0x0000000700c00000, 0x0000000800000000)
  region size 2048K, 2 young (4096K), 2 survivors (4096K)
 Metaspace       used 8582K, capacity 8777K, committed 8832K, reserved 1056768K
  class space    used 847K, capacity 896K, committed 896K, reserved 1048576K
}
Event: 1.595 GC heap before
{Heap before GC invocations=3 (full 0):
 garbage-first heap   total 307200K, used 182378K [0x0000000700c00000, 0x0000000800000000)
  region size 2048K, 3 young (6144K), 2 survivors (4096K)
 Metaspace       used 8591K, capacity 8777K, committed 8832K, reserved 1056768K
  class space    used 847K, capacity 896K, committed 896K, reserved 1048576K
}
Event: 1.597 GC heap after
{Heap after GC invocations=4 (full 0):
 garbage-first heap   total 307200K, used 182513K [0x0000000700c00000, 0x0000000800000000)
  region size 2048K, 2 young (4096K), 2 survivors (4096K)
 Metaspace       used 8591K, capacity 8777K, committed 8832K, reserved 1056768K
  class space    used 847K, capacity 896K, committed 896K, reserved 1048576K
}
Event: 2.104 GC heap before
{Heap before GC invocations=5 (full 0):
 garbage-first heap   total 628736K, used 510193K [0x0000000700c00000, 0x0000000800000000)
  region size 2048K, 5 young (10240K), 2 survivors (4096K)
 Metaspace       used 9081K, capacity 9289K, committed 9472K, reserved 1058816K
  class space    used 900K, capacity 960K, committed 1024K, reserved 1048576K
}
Event: 2.105 GC heap after
{Heap after GC invocations=6 (full 0):
 garbage-first heap   total 628736K, used 506889K [0x0000000700c00000, 0x0000000800000000)
  region size 2048K, 2 young (4096K), 2 survivors (4096K)
 Metaspace       used 9081K, capacity 9289K, committed 9472K, reserved 1058816K
  class space    used 900K, capacity 960K, committed 1024K, reserved 1048576K
}
Event: 2.119 GC heap before
{Heap before GC invocations=7 (full 0):
 garbage-first heap   total 858112K, used 513033K [0x0000000700c00000, 0x0000000800000000)
  region size 2048K, 4 young (8192K), 2 survivors (4096K)
 Metaspace       used 9081K, capacity 9289K, committed 9472K, reserved 1058816K
  class space    used 900K, capacity 960K, committed 1024K, reserved 1048576K
}
Event: 2.121 GC heap after
{Heap after GC invocations=8 (full 0):
 garbage-first heap   total 858112K, used 187652K [0x0000000700c00000, 0x0000000800000000)
  region size 2048K, 1 young (2048K), 1 survivors (2048K)
 Metaspace       used 9081K, capacity 9289K, committed 9472K, reserved 1058816K
  class space    used 900K, capacity 960K, committed 1024K, reserved 1048576K
}

