# JRE version: Java(TM) SE Runtime Environment (15.0.1+9) (build 15.0.1+9-18)
# Java VM: Java HotSpot(TM) 64-Bit Server VM (15.0.1+9-18, mixed mode, sharing, tiered, compressed oops, g1 gc, windows-amd64)
GC Precious Log:
 CPUs: 12 total, 12 available
 Memory: 16333M
 Large Page Support: Disabled
 NUMA Support: Disabled
 Compressed Oops: Enabled (Zero based)
 Heap Region Size: 2M
 Heap Min Capacity: 8M
 Heap Initial Capacity: 256M
 Heap Max Capacity: 4084M
 Pre-touch: Disabled
 Parallel Workers: 10
 Concurrent Workers: 3
 Concurrent Refinement Workers: 10
 Periodic GC: Disabled
Heap:
 garbage-first heap   total 921600K, used 674650K [0x0000000700c00000, 0x0000000800000000)
  region size 2048K, 198 young (405504K), 1 survivors (2048K)
 Metaspace       used 12235K, capacity 12450K, committed 12544K, reserved 1060864K
  class space    used 1138K, capacity 1227K, committed 1280K, reserved 1048576K
GC Heap History (20 events):
Event: 32.414 GC heap before
{Heap before GC invocations=25 (full 0):
 garbage-first heap   total 921600K, used 822079K [0x0000000700c00000, 0x0000000800000000)
  region size 2048K, 270 young (552960K), 2 survivors (4096K)
 Metaspace       used 12177K, capacity 12385K, committed 12544K, reserved 1060864K
  class space    used 1135K, capacity 1227K, committed 1280K, reserved 1048576K
}
Event: 32.416 GC heap after
{Heap after GC invocations=26 (full 0):
 garbage-first heap   total 921600K, used 273314K [0x0000000700c00000, 0x0000000800000000)
  region size 2048K, 1 young (2048K), 1 survivors (2048K)
 Metaspace       used 12177K, capacity 12385K, committed 12544K, reserved 1060864K
  class space    used 1135K, capacity 1227K, committed 1280K, reserved 1048576K
}
Event: 35.211 GC heap before
{Heap before GC invocations=26 (full 0):
 garbage-first heap   total 921600K, used 824226K [0x0000000700c00000, 0x0000000800000000)
  region size 2048K, 270 young (552960K), 1 survivors (2048K)
 Metaspace       used 12185K, capacity 12386K, committed 12544K, reserved 1060864K
  class space    used 1135K, capacity 1227K, committed 1280K, reserved 1048576K
}
Event: 35.212 GC heap after
{Heap after GC invocations=27 (full 0):
 garbage-first heap   total 921600K, used 273197K [0x0000000700c00000, 0x0000000800000000)
  region size 2048K, 1 young (2048K), 1 survivors (2048K)
 Metaspace       used 12185K, capacity 12386K, committed 12544K, reserved 1060864K
  class space    used 1135K, capacity 1227K, committed 1280K, reserved 1048576K
}
Event: 38.015 GC heap before
{Heap before GC invocations=27 (full 0):
 garbage-first heap   total 921600K, used 824109K [0x0000000700c00000, 0x0000000800000000)
  region size 2048K, 270 young (552960K), 1 survivors (2048K)
 Metaspace       used 12214K, capacity 12450K, committed 12544K, reserved 1060864K
  class space    used 1135K, capacity 1227K, committed 1280K, reserved 1048576K
}
Event: 38.016 GC heap after
{Heap after GC invocations=28 (full 0):
 garbage-first heap   total 921600K, used 273208K [0x0000000700c00000, 0x0000000800000000)
  region size 2048K, 1 young (2048K), 1 survivors (2048K)
 Metaspace       used 12214K, capacity 12450K, committed 12544K, reserved 1060864K
  class space    used 1135K, capacity 1227K, committed 1280K, reserved 1048576K
}
Event: 40.831 GC heap before
{Heap before GC invocations=28 (full 0):
 garbage-first heap   total 921600K, used 824120K [0x0000000700c00000, 0x0000000800000000)
  region size 2048K, 270 young (552960K), 1 survivors (2048K)
 Metaspace       used 12221K, capacity 12450K, committed 12544K, reserved 1060864K
  class space    used 1135K, capacity 1227K, committed 1280K, reserved 1048576K
}
Event: 40.832 GC heap after
{Heap after GC invocations=29 (full 0):
 garbage-first heap   total 921600K, used 273195K [0x0000000700c00000, 0x0000000800000000)
  region size 2048K, 1 young (2048K), 1 survivors (2048K)
 Metaspace       used 12221K, capacity 12450K, committed 12544K, reserved 1060864K
  class space    used 1135K, capacity 1227K, committed 1280K, reserved 1048576K
}
Event: 43.623 GC heap before
{Heap before GC invocations=29 (full 0):
 garbage-first heap   total 921600K, used 824107K [0x0000000700c00000, 0x0000000800000000)
  region size 2048K, 270 young (552960K), 1 survivors (2048K)
 Metaspace       used 12221K, capacity 12450K, committed 12544K, reserved 1060864K
  class space    used 1135K, capacity 1227K, committed 1280K, reserved 1048576K
}
Event: 43.624 GC heap after
{Heap after GC invocations=30 (full 0):
 garbage-first heap   total 921600K, used 273208K [0x0000000700c00000, 0x0000000800000000)
  region size 2048K, 1 young (2048K), 1 survivors (2048K)
 Metaspace       used 12221K, capacity 12450K, committed 12544K, reserved 1060864K
  class space    used 1135K, capacity 1227K, committed 1280K, reserved 1048576K
}
Event: 46.465 GC heap before
{Heap before GC invocations=30 (full 0):
 garbage-first heap   total 921600K, used 824120K [0x0000000700c00000, 0x0000000800000000)
  region size 2048K, 270 young (552960K), 1 survivors (2048K)
 Metaspace       used 12221K, capacity 12450K, committed 12544K, reserved 1060864K
  class space    used 1135K, capacity 1227K, committed 1280K, reserved 1048576K
}
Event: 46.466 GC heap after
{Heap after GC invocations=31 (full 0):
 garbage-first heap   total 921600K, used 273211K [0x0000000700c00000, 0x0000000800000000)
  region size 2048K, 1 young (2048K), 1 survivors (2048K)
 Metaspace       used 12221K, capacity 12450K, committed 12544K, reserved 1060864K
  class space    used 1135K, capacity 1227K, committed 1280K, reserved 1048576K
}
Event: 49.299 GC heap before
{Heap before GC invocations=31 (full 0):
 garbage-first heap   total 921600K, used 824123K [0x0000000700c00000, 0x0000000800000000)
  region size 2048K, 270 young (552960K), 1 survivors (2048K)
 Metaspace       used 12222K, capacity 12450K, committed 12544K, reserved 1060864K
  class space    used 1135K, capacity 1227K, committed 1280K, reserved 1048576K
}
Event: 49.300 GC heap after
{Heap after GC invocations=32 (full 0):
 garbage-first heap   total 921600K, used 273221K [0x0000000700c00000, 0x0000000800000000)
  region size 2048K, 1 young (2048K), 1 survivors (2048K)
 Metaspace       used 12222K, capacity 12450K, committed 12544K, reserved 1060864K
  class space    used 1135K, capacity 1227K, committed 1280K, reserved 1048576K
}
Event: 52.139 GC heap before
{Heap before GC invocations=32 (full 0):
 garbage-first heap   total 921600K, used 824133K [0x0000000700c00000, 0x0000000800000000)
  region size 2048K, 270 young (552960K), 1 survivors (2048K)
 Metaspace       used 12222K, capacity 12450K, committed 12544K, reserved 1060864K
  class space    used 1135K, capacity 1227K, committed 1280K, reserved 1048576K
}
Event: 52.140 GC heap after
{Heap after GC invocations=33 (full 0):
 garbage-first heap   total 921600K, used 273228K [0x0000000700c00000, 0x0000000800000000)
  region size 2048K, 1 young (2048K), 1 survivors (2048K)
 Metaspace       used 12222K, capacity 12450K, committed 12544K, reserved 1060864K
  class space    used 1135K, capacity 1227K, committed 1280K, reserved 1048576K
}
Event: 54.953 GC heap before
{Heap before GC invocations=33 (full 0):
 garbage-first heap   total 921600K, used 824140K [0x0000000700c00000, 0x0000000800000000)
  region size 2048K, 270 young (552960K), 1 survivors (2048K)
 Metaspace       used 12222K, capacity 12450K, committed 12544K, reserved 1060864K
  class space    used 1135K, capacity 1227K, committed 1280K, reserved 1048576K
}
Event: 54.953 GC heap after
{Heap after GC invocations=34 (full 0):
 garbage-first heap   total 921600K, used 273238K [0x0000000700c00000, 0x0000000800000000)
  region size 2048K, 1 young (2048K), 1 survivors (2048K)
 Metaspace       used 12222K, capacity 12450K, committed 12544K, reserved 1060864K
  class space    used 1135K, capacity 1227K, committed 1280K, reserved 1048576K
}
Event: 57.772 GC heap before
{Heap before GC invocations=34 (full 0):
 garbage-first heap   total 921600K, used 824150K [0x0000000700c00000, 0x0000000800000000)
  region size 2048K, 270 young (552960K), 1 survivors (2048K)
 Metaspace       used 12222K, capacity 12450K, committed 12544K, reserved 1060864K
  class space    used 1135K, capacity 1227K, committed 1280K, reserved 1048576K
}
Event: 57.773 GC heap after
{Heap after GC invocations=35 (full 0):
 garbage-first heap   total 921600K, used 273242K [0x0000000700c00000, 0x0000000800000000)
  region size 2048K, 1 young (2048K), 1 survivors (2048K)
 Metaspace       used 12222K, capacity 12450K, committed 12544K, reserved 1060864K
  class space    used 1135K, capacity 1227K, committed 1280K, reserved 1048576K
}

